<?xml version="1.0" encoding="UTF-8"?>
<testng-results ignored="0" total="1" passed="1" failed="0" skipped="0">
  <reporter-output>
  </reporter-output>
  <suite started-at="2023-04-17T11:07:23 GST" name="Default suite" finished-at="2023-04-17T11:07:39 GST" duration-ms="16466">
    <groups>
    </groups>
    <test started-at="2023-04-17T11:07:23 GST" name="Default test" finished-at="2023-04-17T11:07:39 GST" duration-ms="16466">
      <class name="testng.NewTest">
        <test-method signature="f()[pri:0, instance:testng.NewTest@6b81ce95]" started-at="2023-04-17T11:07:23 GST" name="f" finished-at="2023-04-17T11:07:39 GST" duration-ms="16424" status="PASS">
          <reporter-output>
          </reporter-output>
        </test-method> <!-- f -->
      </class> <!-- testng.NewTest -->
    </test> <!-- Default test -->
  </suite> <!-- Default suite -->
</testng-results>
